2019-04-18 13:58 [main      ] INFO  [org.vue.VueStart                                  ] : Starting VueStart on oldkeyset with PID 19796 (C:\Users\oldkeyset\git\repository\.git\springboot-vue-start\target\classes started by oldkeyset in C:\Users\oldkeyset\git\repository\.git\springboot-vue-start)
2019-04-18 13:58 [main      ] INFO  [org.vue.VueStart                                  ] : The following profiles are active: dev
2019-04-18 13:58 [main      ] INFO  [org.springframework.data.repository.config.RepositoryConfigurationDelegate] : Multiple Spring Data modules found, entering strict repository configuration mode!
2019-04-18 13:58 [main      ] INFO  [org.springframework.data.repository.config.RepositoryConfigurationDelegate] : Bootstrapping Spring Data repositories in DEFAULT mode.
2019-04-18 13:58 [main      ] INFO  [org.springframework.data.repository.config.RepositoryConfigurationDelegate] : Finished Spring Data repository scanning in 54ms. Found 0 repository interfaces.
2019-04-18 13:58 [main      ] INFO  [org.springframework.context.support.PostProcessorRegistrationDelegate$BeanPostProcessorChecker] : Bean 'org.springframework.transaction.annotation.ProxyTransactionManagementConfiguration' of type [org.springframework.transaction.annotation.ProxyTransactionManagementConfiguration$$EnhancerBySpringCGLIB$$c099a498] is not eligible for getting processed by all BeanPostProcessors (for example: not eligible for auto-proxying)
2019-04-18 13:58 [main      ] INFO  [org.springframework.boot.web.embedded.tomcat.TomcatWebServer] : Tomcat initialized with port(s): 8090 (http)
2019-04-18 13:58 [main      ] INFO  [org.apache.coyote.http11.Http11NioProtocol        ] : Initializing ProtocolHandler ["http-nio-8090"]
2019-04-18 13:58 [main      ] INFO  [org.apache.catalina.core.StandardService          ] : Starting service [Tomcat]
2019-04-18 13:58 [main      ] INFO  [org.apache.catalina.core.StandardEngine           ] : Starting Servlet Engine: Apache Tomcat/9.0.13
2019-04-18 13:58 [main      ] INFO  [org.apache.catalina.core.AprLifecycleListener     ] : The APR based Apache Tomcat Native library which allows optimal performance in production environments was not found on the java.library.path: [C:\Program Files\Java\jdk1.8.0_144\bin;C:\Windows\Sun\Java\bin;C:\Windows\system32;C:\Windows;C:/Program Files/Java/jdk1.8.0_144/bin/../jre/bin/server;C:/Program Files/Java/jdk1.8.0_144/bin/../jre/bin;C:/Program Files/Java/jdk1.8.0_144/bin/../jre/lib/amd64;"C:\Program Files (x86)\Intel\Intel(R) Management Engine Components\iCLS\;C:\Program Files\Intel\Intel(R) Management Engine Components\iCLS\;C:\Windows\system32;C:\Windows;C:\Windows\System32\Wbem;C:\Windows\System32\WindowsPowerShell\v1.0\;%SYSTEMROO";C:\Program Files\Java\jdk1.8.0_144\bin;C:\Program Files\Java\jre1.8.0_144\bin;C:\Program Files\MySQL\MySQL Server 5.5\bin;C:\Program Files\Intel\WiFi\bin\;C:\Program Files\Common Files\Intel\WirelessCommon\;c:\windows\system32;D:\Program Files\Redis\;D:\apache-maven-3.6.0\bin;C:\Program Files\nodejs\;D:\Program Files\Git\cmd;C:\Users\oldkeyset\AppData\Local\Microsoft\WindowsApps;D:\Microsoft VS Code\bin;C:\Users\oldkeyset\AppData\Roaming\npm;;D:\Program Files\STS\sts-3.9.6.RELEASE;;.]
2019-04-18 13:58 [main      ] INFO  [org.apache.catalina.core.ContainerBase.[Tomcat].[localhost].[/]] : Initializing Spring embedded WebApplicationContext
2019-04-18 13:58 [main      ] INFO  [org.springframework.web.context.ContextLoader     ] : Root WebApplicationContext: initialization completed in 1287 ms
2019-04-18 13:58 [main      ] INFO  [org.springframework.scheduling.concurrent.ThreadPoolTaskExecutor] : Initializing ExecutorService 'applicationTaskExecutor'
2019-04-18 13:58 [main      ] INFO  [org.apache.coyote.http11.Http11NioProtocol        ] : Starting ProtocolHandler ["http-nio-8090"]
2019-04-18 13:58 [main      ] INFO  [org.apache.tomcat.util.net.NioSelectorPool        ] : Using a shared selector for servlet write/read
2019-04-18 13:58 [main      ] INFO  [org.springframework.boot.web.embedded.tomcat.TomcatWebServer] : Tomcat started on port(s): 8090 (http) with context path ''
2019-04-18 13:58 [main      ] INFO  [org.vue.VueStart                                  ] : Started VueStart in 2.706 seconds (JVM running for 3.523)
2019-04-18 13:58 [http-nio-8090-exec-1] INFO  [org.apache.catalina.core.ContainerBase.[Tomcat].[localhost].[/]] : Initializing Spring DispatcherServlet 'dispatcherServlet'
2019-04-18 13:58 [http-nio-8090-exec-1] INFO  [org.springframework.web.servlet.DispatcherServlet ] : Initializing Servlet 'dispatcherServlet'
2019-04-18 13:58 [http-nio-8090-exec-1] INFO  [org.springframework.web.servlet.DispatcherServlet ] : Completed initialization in 5 ms
2019-04-18 13:58 [http-nio-8090-exec-1] INFO  [com.zaxxer.hikari.HikariDataSource                ] : DatebookHikariCP - Starting...
2019-04-18 13:58 [http-nio-8090-exec-1] INFO  [com.zaxxer.hikari.HikariDataSource                ] : DatebookHikariCP - Start completed.
2019-04-18 13:58 [http-nio-8090-exec-1] INFO  [io.lettuce.core.EpollProvider                     ] : Starting without optional epoll library
2019-04-18 13:58 [http-nio-8090-exec-1] INFO  [io.lettuce.core.KqueueProvider                    ] : Starting without optional kqueue library
2019-04-18 14:04 [RMI TCP Connection(2)-127.0.0.1] INFO  [org.springframework.boot.admin.SpringApplicationAdminMXBeanRegistrar$SpringApplicationAdmin] : Application shutdown requested.
2019-04-18 14:04 [RMI TCP Connection(2)-127.0.0.1] INFO  [org.springframework.scheduling.concurrent.ThreadPoolTaskExecutor] : Shutting down ExecutorService 'applicationTaskExecutor'
2019-04-18 14:04 [RMI TCP Connection(2)-127.0.0.1] INFO  [com.zaxxer.hikari.HikariDataSource                ] : DatebookHikariCP - Shutdown initiated...
2019-04-18 14:04 [RMI TCP Connection(2)-127.0.0.1] INFO  [com.zaxxer.hikari.HikariDataSource                ] : DatebookHikariCP - Shutdown completed.
2019-04-18 14:11 [main      ] INFO  [org.vue.VueStart                                  ] : Starting VueStart on oldkeyset with PID 24776 (C:\Users\oldkeyset\git\repository\.git\springboot-vue-start\target\classes started by oldkeyset in C:\Users\oldkeyset\git\repository\.git\springboot-vue-start)
2019-04-18 14:11 [main      ] INFO  [org.vue.VueStart                                  ] : The following profiles are active: dev
2019-04-18 14:11 [main      ] INFO  [org.springframework.data.repository.config.RepositoryConfigurationDelegate] : Multiple Spring Data modules found, entering strict repository configuration mode!
2019-04-18 14:11 [main      ] INFO  [org.springframework.data.repository.config.RepositoryConfigurationDelegate] : Bootstrapping Spring Data repositories in DEFAULT mode.
2019-04-18 14:11 [main      ] INFO  [org.springframework.data.repository.config.RepositoryConfigurationDelegate] : Finished Spring Data repository scanning in 57ms. Found 0 repository interfaces.
2019-04-18 14:11 [main      ] INFO  [org.springframework.context.support.PostProcessorRegistrationDelegate$BeanPostProcessorChecker] : Bean 'org.springframework.transaction.annotation.ProxyTransactionManagementConfiguration' of type [org.springframework.transaction.annotation.ProxyTransactionManagementConfiguration$$EnhancerBySpringCGLIB$$59429178] is not eligible for getting processed by all BeanPostProcessors (for example: not eligible for auto-proxying)
2019-04-18 14:11 [main      ] INFO  [org.springframework.boot.web.embedded.tomcat.TomcatWebServer] : Tomcat initialized with port(s): 8090 (http)
2019-04-18 14:11 [main      ] INFO  [org.apache.coyote.http11.Http11NioProtocol        ] : Initializing ProtocolHandler ["http-nio-8090"]
2019-04-18 14:11 [main      ] INFO  [org.apache.catalina.core.StandardService          ] : Starting service [Tomcat]
2019-04-18 14:11 [main      ] INFO  [org.apache.catalina.core.StandardEngine           ] : Starting Servlet Engine: Apache Tomcat/9.0.13
2019-04-18 14:11 [main      ] INFO  [org.apache.catalina.core.AprLifecycleListener     ] : The APR based Apache Tomcat Native library which allows optimal performance in production environments was not found on the java.library.path: [C:\Program Files\Java\jdk1.8.0_144\bin;C:\Windows\Sun\Java\bin;C:\Windows\system32;C:\Windows;C:/Program Files/Java/jdk1.8.0_144/bin/../jre/bin/server;C:/Program Files/Java/jdk1.8.0_144/bin/../jre/bin;C:/Program Files/Java/jdk1.8.0_144/bin/../jre/lib/amd64;"C:\Program Files (x86)\Intel\Intel(R) Management Engine Components\iCLS\;C:\Program Files\Intel\Intel(R) Management Engine Components\iCLS\;C:\Windows\system32;C:\Windows;C:\Windows\System32\Wbem;C:\Windows\System32\WindowsPowerShell\v1.0\;%SYSTEMROO";C:\Program Files\Java\jdk1.8.0_144\bin;C:\Program Files\Java\jre1.8.0_144\bin;C:\Program Files\MySQL\MySQL Server 5.5\bin;C:\Program Files\Intel\WiFi\bin\;C:\Program Files\Common Files\Intel\WirelessCommon\;c:\windows\system32;D:\Program Files\Redis\;D:\apache-maven-3.6.0\bin;C:\Program Files\nodejs\;D:\Program Files\Git\cmd;C:\Users\oldkeyset\AppData\Local\Microsoft\WindowsApps;D:\Microsoft VS Code\bin;C:\Users\oldkeyset\AppData\Roaming\npm;;D:\Program Files\STS\sts-3.9.6.RELEASE;;.]
2019-04-18 14:11 [main      ] INFO  [org.apache.catalina.core.ContainerBase.[Tomcat].[localhost].[/]] : Initializing Spring embedded WebApplicationContext
2019-04-18 14:11 [main      ] INFO  [org.springframework.web.context.ContextLoader     ] : Root WebApplicationContext: initialization completed in 1303 ms
2019-04-18 14:11 [main      ] INFO  [org.springframework.scheduling.concurrent.ThreadPoolTaskExecutor] : Initializing ExecutorService 'applicationTaskExecutor'
2019-04-18 14:11 [main      ] INFO  [org.apache.coyote.http11.Http11NioProtocol        ] : Starting ProtocolHandler ["http-nio-8090"]
2019-04-18 14:11 [main      ] INFO  [org.apache.tomcat.util.net.NioSelectorPool        ] : Using a shared selector for servlet write/read
2019-04-18 14:11 [main      ] INFO  [org.springframework.boot.web.embedded.tomcat.TomcatWebServer] : Tomcat started on port(s): 8090 (http) with context path ''
2019-04-18 14:11 [main      ] INFO  [org.vue.VueStart                                  ] : Started VueStart in 2.736 seconds (JVM running for 3.582)
2019-04-18 14:11 [http-nio-8090-exec-2] INFO  [org.apache.catalina.core.ContainerBase.[Tomcat].[localhost].[/]] : Initializing Spring DispatcherServlet 'dispatcherServlet'
2019-04-18 14:11 [http-nio-8090-exec-2] INFO  [org.springframework.web.servlet.DispatcherServlet ] : Initializing Servlet 'dispatcherServlet'
2019-04-18 14:11 [http-nio-8090-exec-2] INFO  [org.springframework.web.servlet.DispatcherServlet ] : Completed initialization in 6 ms
2019-04-18 14:11 [http-nio-8090-exec-2] INFO  [io.lettuce.core.EpollProvider                     ] : Starting without optional epoll library
2019-04-18 14:11 [http-nio-8090-exec-2] INFO  [io.lettuce.core.KqueueProvider                    ] : Starting without optional kqueue library
2019-04-18 14:11 [http-nio-8090-exec-2] INFO  [com.zaxxer.hikari.HikariDataSource                ] : DatebookHikariCP - Starting...
2019-04-18 14:11 [http-nio-8090-exec-2] INFO  [com.zaxxer.hikari.HikariDataSource                ] : DatebookHikariCP - Start completed.
2019-04-18 14:12 [RMI TCP Connection(2)-127.0.0.1] INFO  [org.springframework.boot.admin.SpringApplicationAdminMXBeanRegistrar$SpringApplicationAdmin] : Application shutdown requested.
2019-04-18 14:12 [RMI TCP Connection(2)-127.0.0.1] INFO  [org.springframework.scheduling.concurrent.ThreadPoolTaskExecutor] : Shutting down ExecutorService 'applicationTaskExecutor'
2019-04-18 14:12 [RMI TCP Connection(2)-127.0.0.1] INFO  [com.zaxxer.hikari.HikariDataSource                ] : DatebookHikariCP - Shutdown initiated...
2019-04-18 14:12 [RMI TCP Connection(2)-127.0.0.1] INFO  [com.zaxxer.hikari.HikariDataSource                ] : DatebookHikariCP - Shutdown completed.
2019-04-18 15:00 [main      ] INFO  [org.vue.VueStart                                  ] : Starting VueStart on oldkeyset with PID 10260 (C:\Users\oldkeyset\git\repository\.git\springboot-vue-start\target\classes started by oldkeyset in C:\Users\oldkeyset\git\repository\.git\springboot-vue-start)
2019-04-18 15:00 [main      ] INFO  [org.vue.VueStart                                  ] : The following profiles are active: dev
2019-04-18 15:00 [main      ] INFO  [org.springframework.data.repository.config.RepositoryConfigurationDelegate] : Multiple Spring Data modules found, entering strict repository configuration mode!
2019-04-18 15:00 [main      ] INFO  [org.springframework.data.repository.config.RepositoryConfigurationDelegate] : Bootstrapping Spring Data repositories in DEFAULT mode.
2019-04-18 15:00 [main      ] INFO  [org.springframework.data.repository.config.RepositoryConfigurationDelegate] : Finished Spring Data repository scanning in 58ms. Found 0 repository interfaces.
2019-04-18 15:00 [main      ] INFO  [org.springframework.context.support.PostProcessorRegistrationDelegate$BeanPostProcessorChecker] : Bean 'org.springframework.transaction.annotation.ProxyTransactionManagementConfiguration' of type [org.springframework.transaction.annotation.ProxyTransactionManagementConfiguration$$EnhancerBySpringCGLIB$$5d3c86be] is not eligible for getting processed by all BeanPostProcessors (for example: not eligible for auto-proxying)
2019-04-18 15:00 [main      ] INFO  [org.springframework.boot.web.embedded.tomcat.TomcatWebServer] : Tomcat initialized with port(s): 8090 (http)
2019-04-18 15:00 [main      ] INFO  [org.apache.coyote.http11.Http11NioProtocol        ] : Initializing ProtocolHandler ["http-nio-8090"]
2019-04-18 15:00 [main      ] INFO  [org.apache.catalina.core.StandardService          ] : Starting service [Tomcat]
2019-04-18 15:00 [main      ] INFO  [org.apache.catalina.core.StandardEngine           ] : Starting Servlet Engine: Apache Tomcat/9.0.13
2019-04-18 15:00 [main      ] INFO  [org.apache.catalina.core.AprLifecycleListener     ] : The APR based Apache Tomcat Native library which allows optimal performance in production environments was not found on the java.library.path: [C:\Program Files\Java\jdk1.8.0_144\bin;C:\Windows\Sun\Java\bin;C:\Windows\system32;C:\Windows;C:/Program Files/Java/jdk1.8.0_144/bin/../jre/bin/server;C:/Program Files/Java/jdk1.8.0_144/bin/../jre/bin;C:/Program Files/Java/jdk1.8.0_144/bin/../jre/lib/amd64;"C:\Program Files (x86)\Intel\Intel(R) Management Engine Components\iCLS\;C:\Program Files\Intel\Intel(R) Management Engine Components\iCLS\;C:\Windows\system32;C:\Windows;C:\Windows\System32\Wbem;C:\Windows\System32\WindowsPowerShell\v1.0\;%SYSTEMROO";C:\Program Files\Java\jdk1.8.0_144\bin;C:\Program Files\Java\jre1.8.0_144\bin;C:\Program Files\MySQL\MySQL Server 5.5\bin;C:\Program Files\Intel\WiFi\bin\;C:\Program Files\Common Files\Intel\WirelessCommon\;c:\windows\system32;D:\Program Files\Redis\;D:\apache-maven-3.6.0\bin;C:\Program Files\nodejs\;D:\Program Files\Git\cmd;C:\Users\oldkeyset\AppData\Local\Microsoft\WindowsApps;D:\Microsoft VS Code\bin;C:\Users\oldkeyset\AppData\Roaming\npm;;D:\Program Files\STS\sts-3.9.6.RELEASE;;.]
2019-04-18 15:00 [main      ] INFO  [org.apache.catalina.core.ContainerBase.[Tomcat].[localhost].[/]] : Initializing Spring embedded WebApplicationContext
2019-04-18 15:00 [main      ] INFO  [org.springframework.web.context.ContextLoader     ] : Root WebApplicationContext: initialization completed in 1306 ms
2019-04-18 15:00 [main      ] INFO  [org.springframework.scheduling.concurrent.ThreadPoolTaskExecutor] : Initializing ExecutorService 'applicationTaskExecutor'
2019-04-18 15:00 [main      ] INFO  [org.apache.coyote.http11.Http11NioProtocol        ] : Starting ProtocolHandler ["http-nio-8090"]
2019-04-18 15:00 [main      ] INFO  [org.apache.tomcat.util.net.NioSelectorPool        ] : Using a shared selector for servlet write/read
2019-04-18 15:00 [main      ] INFO  [org.springframework.boot.web.embedded.tomcat.TomcatWebServer] : Tomcat started on port(s): 8090 (http) with context path ''
2019-04-18 15:00 [main      ] INFO  [org.vue.VueStart                                  ] : Started VueStart in 2.755 seconds (JVM running for 3.59)
2019-04-18 15:01 [http-nio-8090-exec-1] INFO  [org.apache.catalina.core.ContainerBase.[Tomcat].[localhost].[/]] : Initializing Spring DispatcherServlet 'dispatcherServlet'
2019-04-18 15:01 [http-nio-8090-exec-1] INFO  [org.springframework.web.servlet.DispatcherServlet ] : Initializing Servlet 'dispatcherServlet'
2019-04-18 15:01 [http-nio-8090-exec-1] INFO  [org.springframework.web.servlet.DispatcherServlet ] : Completed initialization in 6 ms
2019-04-18 15:01 [RMI TCP Connection(2)-127.0.0.1] INFO  [org.springframework.boot.admin.SpringApplicationAdminMXBeanRegistrar$SpringApplicationAdmin] : Application shutdown requested.
2019-04-18 15:01 [RMI TCP Connection(2)-127.0.0.1] INFO  [org.springframework.scheduling.concurrent.ThreadPoolTaskExecutor] : Shutting down ExecutorService 'applicationTaskExecutor'
2019-04-18 15:02 [main      ] INFO  [org.vue.VueStart                                  ] : Starting VueStart on oldkeyset with PID 25300 (C:\Users\oldkeyset\git\repository\.git\springboot-vue-start\target\classes started by oldkeyset in C:\Users\oldkeyset\git\repository\.git\springboot-vue-start)
2019-04-18 15:02 [main      ] INFO  [org.vue.VueStart                                  ] : The following profiles are active: dev
2019-04-18 15:02 [main      ] INFO  [org.springframework.data.repository.config.RepositoryConfigurationDelegate] : Multiple Spring Data modules found, entering strict repository configuration mode!
2019-04-18 15:02 [main      ] INFO  [org.springframework.data.repository.config.RepositoryConfigurationDelegate] : Bootstrapping Spring Data repositories in DEFAULT mode.
2019-04-18 15:02 [main      ] INFO  [org.springframework.data.repository.config.RepositoryConfigurationDelegate] : Finished Spring Data repository scanning in 57ms. Found 0 repository interfaces.
2019-04-18 15:02 [main      ] INFO  [org.springframework.context.support.PostProcessorRegistrationDelegate$BeanPostProcessorChecker] : Bean 'org.springframework.transaction.annotation.ProxyTransactionManagementConfiguration' of type [org.springframework.transaction.annotation.ProxyTransactionManagementConfiguration$$EnhancerBySpringCGLIB$$67079a7] is not eligible for getting processed by all BeanPostProcessors (for example: not eligible for auto-proxying)
2019-04-18 15:02 [main      ] INFO  [org.springframework.boot.web.embedded.tomcat.TomcatWebServer] : Tomcat initialized with port(s): 8090 (http)
2019-04-18 15:02 [main      ] INFO  [org.apache.coyote.http11.Http11NioProtocol        ] : Initializing ProtocolHandler ["http-nio-8090"]
2019-04-18 15:02 [main      ] INFO  [org.apache.catalina.core.StandardService          ] : Starting service [Tomcat]
2019-04-18 15:02 [main      ] INFO  [org.apache.catalina.core.StandardEngine           ] : Starting Servlet Engine: Apache Tomcat/9.0.13
2019-04-18 15:02 [main      ] INFO  [org.apache.catalina.core.AprLifecycleListener     ] : The APR based Apache Tomcat Native library which allows optimal performance in production environments was not found on the java.library.path: [C:\Program Files\Java\jdk1.8.0_144\bin;C:\Windows\Sun\Java\bin;C:\Windows\system32;C:\Windows;C:/Program Files/Java/jdk1.8.0_144/bin/../jre/bin/server;C:/Program Files/Java/jdk1.8.0_144/bin/../jre/bin;C:/Program Files/Java/jdk1.8.0_144/bin/../jre/lib/amd64;"C:\Program Files (x86)\Intel\Intel(R) Management Engine Components\iCLS\;C:\Program Files\Intel\Intel(R) Management Engine Components\iCLS\;C:\Windows\system32;C:\Windows;C:\Windows\System32\Wbem;C:\Windows\System32\WindowsPowerShell\v1.0\;%SYSTEMROO";C:\Program Files\Java\jdk1.8.0_144\bin;C:\Program Files\Java\jre1.8.0_144\bin;C:\Program Files\MySQL\MySQL Server 5.5\bin;C:\Program Files\Intel\WiFi\bin\;C:\Program Files\Common Files\Intel\WirelessCommon\;c:\windows\system32;D:\Program Files\Redis\;D:\apache-maven-3.6.0\bin;C:\Program Files\nodejs\;D:\Program Files\Git\cmd;C:\Users\oldkeyset\AppData\Local\Microsoft\WindowsApps;D:\Microsoft VS Code\bin;C:\Users\oldkeyset\AppData\Roaming\npm;;D:\Program Files\STS\sts-3.9.6.RELEASE;;.]
2019-04-18 15:02 [main      ] INFO  [org.apache.catalina.core.ContainerBase.[Tomcat].[localhost].[/]] : Initializing Spring embedded WebApplicationContext
2019-04-18 15:02 [main      ] INFO  [org.springframework.web.context.ContextLoader     ] : Root WebApplicationContext: initialization completed in 1324 ms
2019-04-18 15:02 [main      ] INFO  [org.springframework.scheduling.concurrent.ThreadPoolTaskExecutor] : Initializing ExecutorService 'applicationTaskExecutor'
2019-04-18 15:02 [main      ] INFO  [org.apache.coyote.http11.Http11NioProtocol        ] : Starting ProtocolHandler ["http-nio-8090"]
2019-04-18 15:02 [main      ] INFO  [org.apache.tomcat.util.net.NioSelectorPool        ] : Using a shared selector for servlet write/read
2019-04-18 15:02 [main      ] INFO  [org.springframework.boot.web.embedded.tomcat.TomcatWebServer] : Tomcat started on port(s): 8090 (http) with context path ''
2019-04-18 15:02 [main      ] INFO  [org.vue.VueStart                                  ] : Started VueStart in 2.753 seconds (JVM running for 3.585)
2019-04-18 15:03 [http-nio-8090-exec-1] INFO  [org.apache.catalina.core.ContainerBase.[Tomcat].[localhost].[/]] : Initializing Spring DispatcherServlet 'dispatcherServlet'
2019-04-18 15:03 [http-nio-8090-exec-1] INFO  [org.springframework.web.servlet.DispatcherServlet ] : Initializing Servlet 'dispatcherServlet'
2019-04-18 15:03 [http-nio-8090-exec-1] INFO  [org.springframework.web.servlet.DispatcherServlet ] : Completed initialization in 7 ms
2019-04-18 15:08 [RMI TCP Connection(2)-127.0.0.1] INFO  [org.springframework.boot.admin.SpringApplicationAdminMXBeanRegistrar$SpringApplicationAdmin] : Application shutdown requested.
2019-04-18 15:08 [RMI TCP Connection(2)-127.0.0.1] INFO  [org.springframework.scheduling.concurrent.ThreadPoolTaskExecutor] : Shutting down ExecutorService 'applicationTaskExecutor'
2019-04-18 15:38 [main      ] INFO  [org.vue.VueStart                                  ] : Starting VueStart on oldkeyset with PID 24760 (C:\Users\oldkeyset\git\repository\.git\springboot-vue-start\target\classes started by oldkeyset in C:\Users\oldkeyset\git\repository\.git\springboot-vue-start)
2019-04-18 15:38 [main      ] INFO  [org.vue.VueStart                                  ] : The following profiles are active: dev
2019-04-18 15:38 [main      ] INFO  [org.springframework.data.repository.config.RepositoryConfigurationDelegate] : Multiple Spring Data modules found, entering strict repository configuration mode!
2019-04-18 15:38 [main      ] INFO  [org.springframework.data.repository.config.RepositoryConfigurationDelegate] : Bootstrapping Spring Data repositories in DEFAULT mode.
2019-04-18 15:38 [main      ] INFO  [org.springframework.data.repository.config.RepositoryConfigurationDelegate] : Finished Spring Data repository scanning in 60ms. Found 0 repository interfaces.
2019-04-18 15:38 [main      ] INFO  [org.springframework.context.support.PostProcessorRegistrationDelegate$BeanPostProcessorChecker] : Bean 'org.springframework.transaction.annotation.ProxyTransactionManagementConfiguration' of type [org.springframework.transaction.annotation.ProxyTransactionManagementConfiguration$$EnhancerBySpringCGLIB$$175e2308] is not eligible for getting processed by all BeanPostProcessors (for example: not eligible for auto-proxying)
2019-04-18 15:38 [main      ] INFO  [org.springframework.boot.web.embedded.tomcat.TomcatWebServer] : Tomcat initialized with port(s): 8090 (http)
2019-04-18 15:38 [main      ] INFO  [org.apache.coyote.http11.Http11NioProtocol        ] : Initializing ProtocolHandler ["http-nio-8090"]
2019-04-18 15:38 [main      ] INFO  [org.apache.catalina.core.StandardService          ] : Starting service [Tomcat]
2019-04-18 15:38 [main      ] INFO  [org.apache.catalina.core.StandardEngine           ] : Starting Servlet Engine: Apache Tomcat/9.0.13
2019-04-18 15:38 [main      ] INFO  [org.apache.catalina.core.AprLifecycleListener     ] : The APR based Apache Tomcat Native library which allows optimal performance in production environments was not found on the java.library.path: [C:\Program Files\Java\jdk1.8.0_144\bin;C:\Windows\Sun\Java\bin;C:\Windows\system32;C:\Windows;C:/Program Files/Java/jdk1.8.0_144/bin/../jre/bin/server;C:/Program Files/Java/jdk1.8.0_144/bin/../jre/bin;C:/Program Files/Java/jdk1.8.0_144/bin/../jre/lib/amd64;"C:\Program Files (x86)\Intel\Intel(R) Management Engine Components\iCLS\;C:\Program Files\Intel\Intel(R) Management Engine Components\iCLS\;C:\Windows\system32;C:\Windows;C:\Windows\System32\Wbem;C:\Windows\System32\WindowsPowerShell\v1.0\;%SYSTEMROO";C:\Program Files\Java\jdk1.8.0_144\bin;C:\Program Files\Java\jre1.8.0_144\bin;C:\Program Files\MySQL\MySQL Server 5.5\bin;C:\Program Files\Intel\WiFi\bin\;C:\Program Files\Common Files\Intel\WirelessCommon\;c:\windows\system32;D:\Program Files\Redis\;D:\apache-maven-3.6.0\bin;C:\Program Files\nodejs\;D:\Program Files\Git\cmd;C:\Users\oldkeyset\AppData\Local\Microsoft\WindowsApps;D:\Microsoft VS Code\bin;C:\Users\oldkeyset\AppData\Roaming\npm;;D:\Program Files\STS\sts-3.9.6.RELEASE;;.]
2019-04-18 15:38 [main      ] INFO  [org.apache.catalina.core.ContainerBase.[Tomcat].[localhost].[/]] : Initializing Spring embedded WebApplicationContext
2019-04-18 15:38 [main      ] INFO  [org.springframework.web.context.ContextLoader     ] : Root WebApplicationContext: initialization completed in 1334 ms
2019-04-18 15:38 [main      ] INFO  [org.springframework.scheduling.concurrent.ThreadPoolTaskExecutor] : Initializing ExecutorService 'applicationTaskExecutor'
2019-04-18 15:38 [main      ] INFO  [org.apache.coyote.http11.Http11NioProtocol        ] : Starting ProtocolHandler ["http-nio-8090"]
2019-04-18 15:38 [main      ] INFO  [org.apache.tomcat.util.net.NioSelectorPool        ] : Using a shared selector for servlet write/read
2019-04-18 15:38 [main      ] INFO  [org.springframework.boot.web.embedded.tomcat.TomcatWebServer] : Tomcat started on port(s): 8090 (http) with context path ''
2019-04-18 15:38 [main      ] INFO  [org.vue.VueStart                                  ] : Started VueStart in 2.788 seconds (JVM running for 3.606)
2019-04-18 15:39 [http-nio-8090-exec-1] INFO  [org.apache.catalina.core.ContainerBase.[Tomcat].[localhost].[/]] : Initializing Spring DispatcherServlet 'dispatcherServlet'
2019-04-18 15:39 [http-nio-8090-exec-1] INFO  [org.springframework.web.servlet.DispatcherServlet ] : Initializing Servlet 'dispatcherServlet'
2019-04-18 15:39 [http-nio-8090-exec-1] INFO  [org.springframework.web.servlet.DispatcherServlet ] : Completed initialization in 7 ms
2019-04-18 15:40 [RMI TCP Connection(2)-127.0.0.1] INFO  [org.springframework.boot.admin.SpringApplicationAdminMXBeanRegistrar$SpringApplicationAdmin] : Application shutdown requested.
2019-04-18 15:40 [RMI TCP Connection(3)-127.0.0.1] INFO  [org.springframework.boot.admin.SpringApplicationAdminMXBeanRegistrar$SpringApplicationAdmin] : Application shutdown requested.
2019-04-18 15:40 [RMI TCP Connection(2)-127.0.0.1] INFO  [org.springframework.scheduling.concurrent.ThreadPoolTaskExecutor] : Shutting down ExecutorService 'applicationTaskExecutor'
2019-04-18 15:40 [main      ] INFO  [org.vue.VueStart                                  ] : Starting VueStart on oldkeyset with PID 24648 (C:\Users\oldkeyset\git\repository\.git\springboot-vue-start\target\classes started by oldkeyset in C:\Users\oldkeyset\git\repository\.git\springboot-vue-start)
2019-04-18 15:40 [main      ] INFO  [org.vue.VueStart                                  ] : The following profiles are active: dev
2019-04-18 15:40 [main      ] INFO  [org.springframework.data.repository.config.RepositoryConfigurationDelegate] : Multiple Spring Data modules found, entering strict repository configuration mode!
2019-04-18 15:40 [main      ] INFO  [org.springframework.data.repository.config.RepositoryConfigurationDelegate] : Bootstrapping Spring Data repositories in DEFAULT mode.
2019-04-18 15:40 [main      ] INFO  [org.springframework.data.repository.config.RepositoryConfigurationDelegate] : Finished Spring Data repository scanning in 58ms. Found 0 repository interfaces.
2019-04-18 15:40 [main      ] INFO  [org.springframework.context.support.PostProcessorRegistrationDelegate$BeanPostProcessorChecker] : Bean 'org.springframework.transaction.annotation.ProxyTransactionManagementConfiguration' of type [org.springframework.transaction.annotation.ProxyTransactionManagementConfiguration$$EnhancerBySpringCGLIB$$4b6c7c44] is not eligible for getting processed by all BeanPostProcessors (for example: not eligible for auto-proxying)
2019-04-18 15:40 [main      ] INFO  [org.springframework.boot.web.embedded.tomcat.TomcatWebServer] : Tomcat initialized with port(s): 8090 (http)
2019-04-18 15:40 [main      ] INFO  [org.apache.coyote.http11.Http11NioProtocol        ] : Initializing ProtocolHandler ["http-nio-8090"]
2019-04-18 15:40 [main      ] INFO  [org.apache.catalina.core.StandardService          ] : Starting service [Tomcat]
2019-04-18 15:40 [main      ] INFO  [org.apache.catalina.core.StandardEngine           ] : Starting Servlet Engine: Apache Tomcat/9.0.13
2019-04-18 15:40 [main      ] INFO  [org.apache.catalina.core.AprLifecycleListener     ] : The APR based Apache Tomcat Native library which allows optimal performance in production environments was not found on the java.library.path: [C:\Program Files\Java\jdk1.8.0_144\bin;C:\Windows\Sun\Java\bin;C:\Windows\system32;C:\Windows;C:/Program Files/Java/jdk1.8.0_144/bin/../jre/bin/server;C:/Program Files/Java/jdk1.8.0_144/bin/../jre/bin;C:/Program Files/Java/jdk1.8.0_144/bin/../jre/lib/amd64;"C:\Program Files (x86)\Intel\Intel(R) Management Engine Components\iCLS\;C:\Program Files\Intel\Intel(R) Management Engine Components\iCLS\;C:\Windows\system32;C:\Windows;C:\Windows\System32\Wbem;C:\Windows\System32\WindowsPowerShell\v1.0\;%SYSTEMROO";C:\Program Files\Java\jdk1.8.0_144\bin;C:\Program Files\Java\jre1.8.0_144\bin;C:\Program Files\MySQL\MySQL Server 5.5\bin;C:\Program Files\Intel\WiFi\bin\;C:\Program Files\Common Files\Intel\WirelessCommon\;c:\windows\system32;D:\Program Files\Redis\;D:\apache-maven-3.6.0\bin;C:\Program Files\nodejs\;D:\Program Files\Git\cmd;C:\Users\oldkeyset\AppData\Local\Microsoft\WindowsApps;D:\Microsoft VS Code\bin;C:\Users\oldkeyset\AppData\Roaming\npm;;D:\Program Files\STS\sts-3.9.6.RELEASE;;.]
2019-04-18 15:40 [main      ] INFO  [org.apache.catalina.core.ContainerBase.[Tomcat].[localhost].[/]] : Initializing Spring embedded WebApplicationContext
2019-04-18 15:40 [main      ] INFO  [org.springframework.web.context.ContextLoader     ] : Root WebApplicationContext: initialization completed in 1306 ms
2019-04-18 15:40 [main      ] INFO  [org.springframework.scheduling.concurrent.ThreadPoolTaskExecutor] : Initializing ExecutorService 'applicationTaskExecutor'
2019-04-18 15:40 [main      ] INFO  [org.apache.coyote.http11.Http11NioProtocol        ] : Starting ProtocolHandler ["http-nio-8090"]
2019-04-18 15:40 [main      ] INFO  [org.apache.tomcat.util.net.NioSelectorPool        ] : Using a shared selector for servlet write/read
2019-04-18 15:40 [main      ] INFO  [org.springframework.boot.web.embedded.tomcat.TomcatWebServer] : Tomcat started on port(s): 8090 (http) with context path ''
2019-04-18 15:40 [main      ] INFO  [org.vue.VueStart                                  ] : Started VueStart in 2.706 seconds (JVM running for 3.546)
2019-04-18 15:40 [http-nio-8090-exec-1] INFO  [org.apache.catalina.core.ContainerBase.[Tomcat].[localhost].[/]] : Initializing Spring DispatcherServlet 'dispatcherServlet'
2019-04-18 15:40 [http-nio-8090-exec-1] INFO  [org.springframework.web.servlet.DispatcherServlet ] : Initializing Servlet 'dispatcherServlet'
2019-04-18 15:40 [http-nio-8090-exec-1] INFO  [org.springframework.web.servlet.DispatcherServlet ] : Completed initialization in 7 ms
2019-04-18 15:42 [RMI TCP Connection(2)-127.0.0.1] INFO  [org.springframework.boot.admin.SpringApplicationAdminMXBeanRegistrar$SpringApplicationAdmin] : Application shutdown requested.
2019-04-18 15:42 [RMI TCP Connection(2)-127.0.0.1] INFO  [org.springframework.scheduling.concurrent.ThreadPoolTaskExecutor] : Shutting down ExecutorService 'applicationTaskExecutor'
2019-04-18 15:42 [main      ] INFO  [org.vue.VueStart                                  ] : Starting VueStart on oldkeyset with PID 29028 (C:\Users\oldkeyset\git\repository\.git\springboot-vue-start\target\classes started by oldkeyset in C:\Users\oldkeyset\git\repository\.git\springboot-vue-start)
2019-04-18 15:42 [main      ] INFO  [org.vue.VueStart                                  ] : The following profiles are active: dev
2019-04-18 15:42 [main      ] INFO  [org.springframework.data.repository.config.RepositoryConfigurationDelegate] : Multiple Spring Data modules found, entering strict repository configuration mode!
2019-04-18 15:42 [main      ] INFO  [org.springframework.data.repository.config.RepositoryConfigurationDelegate] : Bootstrapping Spring Data repositories in DEFAULT mode.
2019-04-18 15:42 [main      ] INFO  [org.springframework.data.repository.config.RepositoryConfigurationDelegate] : Finished Spring Data repository scanning in 58ms. Found 0 repository interfaces.
2019-04-18 15:42 [main      ] INFO  [org.springframework.context.support.PostProcessorRegistrationDelegate$BeanPostProcessorChecker] : Bean 'org.springframework.transaction.annotation.ProxyTransactionManagementConfiguration' of type [org.springframework.transaction.annotation.ProxyTransactionManagementConfiguration$$EnhancerBySpringCGLIB$$59429178] is not eligible for getting processed by all BeanPostProcessors (for example: not eligible for auto-proxying)
2019-04-18 15:42 [main      ] INFO  [org.springframework.boot.web.embedded.tomcat.TomcatWebServer] : Tomcat initialized with port(s): 8090 (http)
2019-04-18 15:42 [main      ] INFO  [org.apache.coyote.http11.Http11NioProtocol        ] : Initializing ProtocolHandler ["http-nio-8090"]
2019-04-18 15:42 [main      ] INFO  [org.apache.catalina.core.StandardService          ] : Starting service [Tomcat]
2019-04-18 15:42 [main      ] INFO  [org.apache.catalina.core.StandardEngine           ] : Starting Servlet Engine: Apache Tomcat/9.0.13
2019-04-18 15:42 [main      ] INFO  [org.apache.catalina.core.AprLifecycleListener     ] : The APR based Apache Tomcat Native library which allows optimal performance in production environments was not found on the java.library.path: [C:\Program Files\Java\jdk1.8.0_144\bin;C:\Windows\Sun\Java\bin;C:\Windows\system32;C:\Windows;C:/Program Files/Java/jdk1.8.0_144/bin/../jre/bin/server;C:/Program Files/Java/jdk1.8.0_144/bin/../jre/bin;C:/Program Files/Java/jdk1.8.0_144/bin/../jre/lib/amd64;"C:\Program Files (x86)\Intel\Intel(R) Management Engine Components\iCLS\;C:\Program Files\Intel\Intel(R) Management Engine Components\iCLS\;C:\Windows\system32;C:\Windows;C:\Windows\System32\Wbem;C:\Windows\System32\WindowsPowerShell\v1.0\;%SYSTEMROO";C:\Program Files\Java\jdk1.8.0_144\bin;C:\Program Files\Java\jre1.8.0_144\bin;C:\Program Files\MySQL\MySQL Server 5.5\bin;C:\Program Files\Intel\WiFi\bin\;C:\Program Files\Common Files\Intel\WirelessCommon\;c:\windows\system32;D:\Program Files\Redis\;D:\apache-maven-3.6.0\bin;C:\Program Files\nodejs\;D:\Program Files\Git\cmd;C:\Users\oldkeyset\AppData\Local\Microsoft\WindowsApps;D:\Microsoft VS Code\bin;C:\Users\oldkeyset\AppData\Roaming\npm;;D:\Program Files\STS\sts-3.9.6.RELEASE;;.]
2019-04-18 15:42 [main      ] INFO  [org.apache.catalina.core.ContainerBase.[Tomcat].[localhost].[/]] : Initializing Spring embedded WebApplicationContext
2019-04-18 15:42 [main      ] INFO  [org.springframework.web.context.ContextLoader     ] : Root WebApplicationContext: initialization completed in 1296 ms
2019-04-18 15:42 [main      ] INFO  [org.springframework.scheduling.concurrent.ThreadPoolTaskExecutor] : Initializing ExecutorService 'applicationTaskExecutor'
2019-04-18 15:42 [main      ] INFO  [org.apache.coyote.http11.Http11NioProtocol        ] : Starting ProtocolHandler ["http-nio-8090"]
2019-04-18 15:42 [main      ] INFO  [org.apache.tomcat.util.net.NioSelectorPool        ] : Using a shared selector for servlet write/read
2019-04-18 15:42 [main      ] INFO  [org.springframework.boot.web.embedded.tomcat.TomcatWebServer] : Tomcat started on port(s): 8090 (http) with context path ''
2019-04-18 15:42 [main      ] INFO  [org.vue.VueStart                                  ] : Started VueStart in 2.702 seconds (JVM running for 3.524)
2019-04-18 15:42 [http-nio-8090-exec-1] INFO  [org.apache.catalina.core.ContainerBase.[Tomcat].[localhost].[/]] : Initializing Spring DispatcherServlet 'dispatcherServlet'
2019-04-18 15:42 [http-nio-8090-exec-1] INFO  [org.springframework.web.servlet.DispatcherServlet ] : Initializing Servlet 'dispatcherServlet'
2019-04-18 15:42 [http-nio-8090-exec-1] INFO  [org.springframework.web.servlet.DispatcherServlet ] : Completed initialization in 7 ms
2019-04-18 15:43 [RMI TCP Connection(2)-127.0.0.1] INFO  [org.springframework.boot.admin.SpringApplicationAdminMXBeanRegistrar$SpringApplicationAdmin] : Application shutdown requested.
2019-04-18 15:43 [RMI TCP Connection(2)-127.0.0.1] INFO  [org.springframework.scheduling.concurrent.ThreadPoolTaskExecutor] : Shutting down ExecutorService 'applicationTaskExecutor'
2019-04-18 15:47 [main      ] INFO  [org.vue.VueStart                                  ] : Starting VueStart on oldkeyset with PID 16308 (C:\Users\oldkeyset\git\repository\.git\springboot-vue-start\target\classes started by oldkeyset in C:\Users\oldkeyset\git\repository\.git\springboot-vue-start)
2019-04-18 15:47 [main      ] INFO  [org.vue.VueStart                                  ] : The following profiles are active: dev
2019-04-18 15:47 [main      ] INFO  [org.springframework.data.repository.config.RepositoryConfigurationDelegate] : Multiple Spring Data modules found, entering strict repository configuration mode!
2019-04-18 15:47 [main      ] INFO  [org.springframework.data.repository.config.RepositoryConfigurationDelegate] : Bootstrapping Spring Data repositories in DEFAULT mode.
2019-04-18 15:47 [main      ] INFO  [org.springframework.data.repository.config.RepositoryConfigurationDelegate] : Finished Spring Data repository scanning in 59ms. Found 0 repository interfaces.
2019-04-18 15:47 [main      ] INFO  [org.springframework.context.support.PostProcessorRegistrationDelegate$BeanPostProcessorChecker] : Bean 'org.springframework.transaction.annotation.ProxyTransactionManagementConfiguration' of type [org.springframework.transaction.annotation.ProxyTransactionManagementConfiguration$$EnhancerBySpringCGLIB$$81caf27d] is not eligible for getting processed by all BeanPostProcessors (for example: not eligible for auto-proxying)
2019-04-18 15:47 [main      ] INFO  [org.springframework.boot.web.embedded.tomcat.TomcatWebServer] : Tomcat initialized with port(s): 8090 (http)
2019-04-18 15:47 [main      ] INFO  [org.apache.coyote.http11.Http11NioProtocol        ] : Initializing ProtocolHandler ["http-nio-8090"]
2019-04-18 15:47 [main      ] INFO  [org.apache.catalina.core.StandardService          ] : Starting service [Tomcat]
2019-04-18 15:47 [main      ] INFO  [org.apache.catalina.core.StandardEngine           ] : Starting Servlet Engine: Apache Tomcat/9.0.13
2019-04-18 15:47 [main      ] INFO  [org.apache.catalina.core.AprLifecycleListener     ] : The APR based Apache Tomcat Native library which allows optimal performance in production environments was not found on the java.library.path: [C:\Program Files\Java\jdk1.8.0_144\bin;C:\Windows\Sun\Java\bin;C:\Windows\system32;C:\Windows;C:/Program Files/Java/jdk1.8.0_144/bin/../jre/bin/server;C:/Program Files/Java/jdk1.8.0_144/bin/../jre/bin;C:/Program Files/Java/jdk1.8.0_144/bin/../jre/lib/amd64;"C:\Program Files (x86)\Intel\Intel(R) Management Engine Components\iCLS\;C:\Program Files\Intel\Intel(R) Management Engine Components\iCLS\;C:\Windows\system32;C:\Windows;C:\Windows\System32\Wbem;C:\Windows\System32\WindowsPowerShell\v1.0\;%SYSTEMROO";C:\Program Files\Java\jdk1.8.0_144\bin;C:\Program Files\Java\jre1.8.0_144\bin;C:\Program Files\MySQL\MySQL Server 5.5\bin;C:\Program Files\Intel\WiFi\bin\;C:\Program Files\Common Files\Intel\WirelessCommon\;c:\windows\system32;D:\Program Files\Redis\;D:\apache-maven-3.6.0\bin;C:\Program Files\nodejs\;D:\Program Files\Git\cmd;C:\Users\oldkeyset\AppData\Local\Microsoft\WindowsApps;D:\Microsoft VS Code\bin;C:\Users\oldkeyset\AppData\Roaming\npm;;D:\Program Files\STS\sts-3.9.6.RELEASE;;.]
2019-04-18 15:47 [main      ] INFO  [org.apache.catalina.core.ContainerBase.[Tomcat].[localhost].[/]] : Initializing Spring embedded WebApplicationContext
2019-04-18 15:47 [main      ] INFO  [org.springframework.web.context.ContextLoader     ] : Root WebApplicationContext: initialization completed in 1312 ms
2019-04-18 15:47 [main      ] INFO  [org.springframework.scheduling.concurrent.ThreadPoolTaskExecutor] : Initializing ExecutorService 'applicationTaskExecutor'
2019-04-18 15:47 [main      ] INFO  [org.apache.coyote.http11.Http11NioProtocol        ] : Starting ProtocolHandler ["http-nio-8090"]
2019-04-18 15:47 [main      ] INFO  [org.apache.tomcat.util.net.NioSelectorPool        ] : Using a shared selector for servlet write/read
2019-04-18 15:47 [main      ] INFO  [org.springframework.boot.web.embedded.tomcat.TomcatWebServer] : Tomcat started on port(s): 8090 (http) with context path ''
2019-04-18 15:47 [main      ] INFO  [org.vue.VueStart                                  ] : Started VueStart in 2.735 seconds (JVM running for 3.579)
2019-04-18 15:47 [http-nio-8090-exec-1] INFO  [org.apache.catalina.core.ContainerBase.[Tomcat].[localhost].[/]] : Initializing Spring DispatcherServlet 'dispatcherServlet'
2019-04-18 15:47 [http-nio-8090-exec-1] INFO  [org.springframework.web.servlet.DispatcherServlet ] : Initializing Servlet 'dispatcherServlet'
2019-04-18 15:47 [http-nio-8090-exec-1] INFO  [org.springframework.web.servlet.DispatcherServlet ] : Completed initialization in 7 ms
2019-04-18 15:59 [RMI TCP Connection(2)-127.0.0.1] INFO  [org.springframework.boot.admin.SpringApplicationAdminMXBeanRegistrar$SpringApplicationAdmin] : Application shutdown requested.
2019-04-18 15:59 [RMI TCP Connection(2)-127.0.0.1] INFO  [org.springframework.scheduling.concurrent.ThreadPoolTaskExecutor] : Shutting down ExecutorService 'applicationTaskExecutor'
2019-04-18 16:02 [main      ] INFO  [org.vue.VueStart                                  ] : Starting VueStart on oldkeyset with PID 30608 (C:\Users\oldkeyset\git\repository\.git\springboot-vue-start\target\classes started by oldkeyset in C:\Users\oldkeyset\git\repository\.git\springboot-vue-start)
2019-04-18 16:02 [main      ] INFO  [org.vue.VueStart                                  ] : The following profiles are active: dev
2019-04-18 16:02 [main      ] INFO  [org.springframework.data.repository.config.RepositoryConfigurationDelegate] : Multiple Spring Data modules found, entering strict repository configuration mode!
2019-04-18 16:02 [main      ] INFO  [org.springframework.data.repository.config.RepositoryConfigurationDelegate] : Bootstrapping Spring Data repositories in DEFAULT mode.
2019-04-18 16:02 [main      ] INFO  [org.springframework.data.repository.config.RepositoryConfigurationDelegate] : Finished Spring Data repository scanning in 61ms. Found 0 repository interfaces.
2019-04-18 16:02 [main      ] INFO  [org.springframework.context.support.PostProcessorRegistrationDelegate$BeanPostProcessorChecker] : Bean 'org.springframework.transaction.annotation.ProxyTransactionManagementConfiguration' of type [org.springframework.transaction.annotation.ProxyTransactionManagementConfiguration$$EnhancerBySpringCGLIB$$9004dea7] is not eligible for getting processed by all BeanPostProcessors (for example: not eligible for auto-proxying)
2019-04-18 16:02 [main      ] INFO  [org.springframework.boot.web.embedded.tomcat.TomcatWebServer] : Tomcat initialized with port(s): 8090 (http)
2019-04-18 16:02 [main      ] INFO  [org.apache.coyote.http11.Http11NioProtocol        ] : Initializing ProtocolHandler ["http-nio-8090"]
2019-04-18 16:02 [main      ] INFO  [org.apache.catalina.core.StandardService          ] : Starting service [Tomcat]
2019-04-18 16:02 [main      ] INFO  [org.apache.catalina.core.StandardEngine           ] : Starting Servlet Engine: Apache Tomcat/9.0.13
2019-04-18 16:02 [main      ] INFO  [org.apache.catalina.core.AprLifecycleListener     ] : The APR based Apache Tomcat Native library which allows optimal performance in production environments was not found on the java.library.path: [C:\Program Files\Java\jdk1.8.0_144\bin;C:\Windows\Sun\Java\bin;C:\Windows\system32;C:\Windows;C:/Program Files/Java/jdk1.8.0_144/bin/../jre/bin/server;C:/Program Files/Java/jdk1.8.0_144/bin/../jre/bin;C:/Program Files/Java/jdk1.8.0_144/bin/../jre/lib/amd64;"C:\Program Files (x86)\Intel\Intel(R) Management Engine Components\iCLS\;C:\Program Files\Intel\Intel(R) Management Engine Components\iCLS\;C:\Windows\system32;C:\Windows;C:\Windows\System32\Wbem;C:\Windows\System32\WindowsPowerShell\v1.0\;%SYSTEMROO";C:\Program Files\Java\jdk1.8.0_144\bin;C:\Program Files\Java\jre1.8.0_144\bin;C:\Program Files\MySQL\MySQL Server 5.5\bin;C:\Program Files\Intel\WiFi\bin\;C:\Program Files\Common Files\Intel\WirelessCommon\;c:\windows\system32;D:\Program Files\Redis\;D:\apache-maven-3.6.0\bin;C:\Program Files\nodejs\;D:\Program Files\Git\cmd;C:\Users\oldkeyset\AppData\Local\Microsoft\WindowsApps;D:\Microsoft VS Code\bin;C:\Users\oldkeyset\AppData\Roaming\npm;;D:\Program Files\STS\sts-3.9.6.RELEASE;;.]
2019-04-18 16:02 [main      ] INFO  [org.apache.catalina.core.ContainerBase.[Tomcat].[localhost].[/]] : Initializing Spring embedded WebApplicationContext
2019-04-18 16:02 [main      ] INFO  [org.springframework.web.context.ContextLoader     ] : Root WebApplicationContext: initialization completed in 1311 ms
2019-04-18 16:02 [main      ] INFO  [org.springframework.scheduling.concurrent.ThreadPoolTaskExecutor] : Initializing ExecutorService 'applicationTaskExecutor'
2019-04-18 16:02 [main      ] INFO  [org.apache.coyote.http11.Http11NioProtocol        ] : Starting ProtocolHandler ["http-nio-8090"]
2019-04-18 16:02 [main      ] INFO  [org.apache.tomcat.util.net.NioSelectorPool        ] : Using a shared selector for servlet write/read
2019-04-18 16:02 [main      ] INFO  [org.springframework.boot.web.embedded.tomcat.TomcatWebServer] : Tomcat started on port(s): 8090 (http) with context path ''
2019-04-18 16:02 [main      ] INFO  [org.vue.VueStart                                  ] : Started VueStart in 2.733 seconds (JVM running for 3.574)
2019-04-18 16:02 [http-nio-8090-exec-1] INFO  [org.apache.catalina.core.ContainerBase.[Tomcat].[localhost].[/]] : Initializing Spring DispatcherServlet 'dispatcherServlet'
2019-04-18 16:02 [http-nio-8090-exec-1] INFO  [org.springframework.web.servlet.DispatcherServlet ] : Initializing Servlet 'dispatcherServlet'
2019-04-18 16:02 [http-nio-8090-exec-1] INFO  [org.springframework.web.servlet.DispatcherServlet ] : Completed initialization in 8 ms
2019-04-18 16:28 [RMI TCP Connection(2)-127.0.0.1] INFO  [org.springframework.boot.admin.SpringApplicationAdminMXBeanRegistrar$SpringApplicationAdmin] : Application shutdown requested.
2019-04-18 16:28 [RMI TCP Connection(2)-127.0.0.1] INFO  [org.springframework.scheduling.concurrent.ThreadPoolTaskExecutor] : Shutting down ExecutorService 'applicationTaskExecutor'
2019-04-18 16:28 [main      ] INFO  [org.vue.VueStart                                  ] : Starting VueStart on oldkeyset with PID 26884 (C:\Users\oldkeyset\git\repository\.git\springboot-vue-start\target\classes started by oldkeyset in C:\Users\oldkeyset\git\repository\.git\springboot-vue-start)
2019-04-18 16:28 [main      ] INFO  [org.vue.VueStart                                  ] : The following profiles are active: dev
2019-04-18 16:28 [main      ] INFO  [org.springframework.data.repository.config.RepositoryConfigurationDelegate] : Multiple Spring Data modules found, entering strict repository configuration mode!
2019-04-18 16:28 [main      ] INFO  [org.springframework.data.repository.config.RepositoryConfigurationDelegate] : Bootstrapping Spring Data repositories in DEFAULT mode.
2019-04-18 16:28 [main      ] INFO  [org.springframework.data.repository.config.RepositoryConfigurationDelegate] : Finished Spring Data repository scanning in 58ms. Found 0 repository interfaces.
2019-04-18 16:28 [main      ] INFO  [org.springframework.context.support.PostProcessorRegistrationDelegate$BeanPostProcessorChecker] : Bean 'org.springframework.transaction.annotation.ProxyTransactionManagementConfiguration' of type [org.springframework.transaction.annotation.ProxyTransactionManagementConfiguration$$EnhancerBySpringCGLIB$$aabc9913] is not eligible for getting processed by all BeanPostProcessors (for example: not eligible for auto-proxying)
2019-04-18 16:28 [main      ] INFO  [org.springframework.boot.web.embedded.tomcat.TomcatWebServer] : Tomcat initialized with port(s): 8090 (http)
2019-04-18 16:28 [main      ] INFO  [org.apache.coyote.http11.Http11NioProtocol        ] : Initializing ProtocolHandler ["http-nio-8090"]
2019-04-18 16:28 [main      ] INFO  [org.apache.catalina.core.StandardService          ] : Starting service [Tomcat]
2019-04-18 16:28 [main      ] INFO  [org.apache.catalina.core.StandardEngine           ] : Starting Servlet Engine: Apache Tomcat/9.0.13
2019-04-18 16:28 [main      ] INFO  [org.apache.catalina.core.AprLifecycleListener     ] : The APR based Apache Tomcat Native library which allows optimal performance in production environments was not found on the java.library.path: [C:\Program Files\Java\jdk1.8.0_144\bin;C:\Windows\Sun\Java\bin;C:\Windows\system32;C:\Windows;C:/Program Files/Java/jdk1.8.0_144/bin/../jre/bin/server;C:/Program Files/Java/jdk1.8.0_144/bin/../jre/bin;C:/Program Files/Java/jdk1.8.0_144/bin/../jre/lib/amd64;"C:\Program Files (x86)\Intel\Intel(R) Management Engine Components\iCLS\;C:\Program Files\Intel\Intel(R) Management Engine Components\iCLS\;C:\Windows\system32;C:\Windows;C:\Windows\System32\Wbem;C:\Windows\System32\WindowsPowerShell\v1.0\;%SYSTEMROO";C:\Program Files\Java\jdk1.8.0_144\bin;C:\Program Files\Java\jre1.8.0_144\bin;C:\Program Files\MySQL\MySQL Server 5.5\bin;C:\Program Files\Intel\WiFi\bin\;C:\Program Files\Common Files\Intel\WirelessCommon\;c:\windows\system32;D:\Program Files\Redis\;D:\apache-maven-3.6.0\bin;C:\Program Files\nodejs\;D:\Program Files\Git\cmd;C:\Users\oldkeyset\AppData\Local\Microsoft\WindowsApps;D:\Microsoft VS Code\bin;C:\Users\oldkeyset\AppData\Roaming\npm;;D:\Program Files\STS\sts-3.9.6.RELEASE;;.]
2019-04-18 16:28 [main      ] INFO  [org.apache.catalina.core.ContainerBase.[Tomcat].[localhost].[/]] : Initializing Spring embedded WebApplicationContext
2019-04-18 16:28 [main      ] INFO  [org.springframework.web.context.ContextLoader     ] : Root WebApplicationContext: initialization completed in 1314 ms
2019-04-18 16:28 [main      ] INFO  [org.springframework.scheduling.concurrent.ThreadPoolTaskExecutor] : Initializing ExecutorService 'applicationTaskExecutor'
2019-04-18 16:28 [main      ] INFO  [org.apache.coyote.http11.Http11NioProtocol        ] : Starting ProtocolHandler ["http-nio-8090"]
2019-04-18 16:28 [main      ] INFO  [org.apache.tomcat.util.net.NioSelectorPool        ] : Using a shared selector for servlet write/read
2019-04-18 16:28 [main      ] INFO  [org.springframework.boot.web.embedded.tomcat.TomcatWebServer] : Tomcat started on port(s): 8090 (http) with context path ''
2019-04-18 16:28 [main      ] INFO  [org.vue.VueStart                                  ] : Started VueStart in 2.724 seconds (JVM running for 3.551)
2019-04-18 16:29 [http-nio-8090-exec-1] INFO  [org.apache.catalina.core.ContainerBase.[Tomcat].[localhost].[/]] : Initializing Spring DispatcherServlet 'dispatcherServlet'
2019-04-18 16:29 [http-nio-8090-exec-1] INFO  [org.springframework.web.servlet.DispatcherServlet ] : Initializing Servlet 'dispatcherServlet'
2019-04-18 16:29 [http-nio-8090-exec-1] INFO  [org.springframework.web.servlet.DispatcherServlet ] : Completed initialization in 6 ms
2019-04-18 17:26 [RMI TCP Connection(2)-127.0.0.1] INFO  [org.springframework.boot.admin.SpringApplicationAdminMXBeanRegistrar$SpringApplicationAdmin] : Application shutdown requested.
2019-04-18 17:26 [RMI TCP Connection(2)-127.0.0.1] INFO  [org.springframework.scheduling.concurrent.ThreadPoolTaskExecutor] : Shutting down ExecutorService 'applicationTaskExecutor'
2019-04-18 17:26 [main      ] INFO  [org.vue.VueStart                                  ] : Starting VueStart on oldkeyset with PID 17932 (C:\Users\oldkeyset\git\repository\.git\springboot-vue-start\target\classes started by oldkeyset in C:\Users\oldkeyset\git\repository\.git\springboot-vue-start)
2019-04-18 17:26 [main      ] INFO  [org.vue.VueStart                                  ] : The following profiles are active: dev
2019-04-18 17:26 [main      ] INFO  [org.springframework.data.repository.config.RepositoryConfigurationDelegate] : Multiple Spring Data modules found, entering strict repository configuration mode!
2019-04-18 17:26 [main      ] INFO  [org.springframework.data.repository.config.RepositoryConfigurationDelegate] : Bootstrapping Spring Data repositories in DEFAULT mode.
2019-04-18 17:26 [main      ] INFO  [org.springframework.data.repository.config.RepositoryConfigurationDelegate] : Finished Spring Data repository scanning in 51ms. Found 0 repository interfaces.
2019-04-18 17:26 [main      ] INFO  [org.springframework.context.support.PostProcessorRegistrationDelegate$BeanPostProcessorChecker] : Bean 'org.springframework.transaction.annotation.ProxyTransactionManagementConfiguration' of type [org.springframework.transaction.annotation.ProxyTransactionManagementConfiguration$$EnhancerBySpringCGLIB$$eb853865] is not eligible for getting processed by all BeanPostProcessors (for example: not eligible for auto-proxying)
2019-04-18 17:26 [main      ] INFO  [org.springframework.boot.web.embedded.tomcat.TomcatWebServer] : Tomcat initialized with port(s): 8090 (http)
2019-04-18 17:26 [main      ] INFO  [org.apache.coyote.http11.Http11NioProtocol        ] : Initializing ProtocolHandler ["http-nio-8090"]
2019-04-18 17:26 [main      ] INFO  [org.apache.catalina.core.StandardService          ] : Starting service [Tomcat]
2019-04-18 17:26 [main      ] INFO  [org.apache.catalina.core.StandardEngine           ] : Starting Servlet Engine: Apache Tomcat/9.0.13
2019-04-18 17:26 [main      ] INFO  [org.apache.catalina.core.AprLifecycleListener     ] : The APR based Apache Tomcat Native library which allows optimal performance in production environments was not found on the java.library.path: [C:\Program Files\Java\jdk1.8.0_144\bin;C:\Windows\Sun\Java\bin;C:\Windows\system32;C:\Windows;C:/Program Files/Java/jdk1.8.0_144/bin/../jre/bin/server;C:/Program Files/Java/jdk1.8.0_144/bin/../jre/bin;C:/Program Files/Java/jdk1.8.0_144/bin/../jre/lib/amd64;"C:\Program Files (x86)\Intel\Intel(R) Management Engine Components\iCLS\;C:\Program Files\Intel\Intel(R) Management Engine Components\iCLS\;C:\Windows\system32;C:\Windows;C:\Windows\System32\Wbem;C:\Windows\System32\WindowsPowerShell\v1.0\;%SYSTEMROO";C:\Program Files\Java\jdk1.8.0_144\bin;C:\Program Files\Java\jre1.8.0_144\bin;C:\Program Files\MySQL\MySQL Server 5.5\bin;C:\Program Files\Intel\WiFi\bin\;C:\Program Files\Common Files\Intel\WirelessCommon\;c:\windows\system32;D:\Program Files\Redis\;D:\apache-maven-3.6.0\bin;C:\Program Files\nodejs\;D:\Program Files\Git\cmd;C:\Users\oldkeyset\AppData\Local\Microsoft\WindowsApps;D:\Microsoft VS Code\bin;C:\Users\oldkeyset\AppData\Roaming\npm;;D:\Program Files\STS\sts-3.9.6.RELEASE;;.]
2019-04-18 17:26 [main      ] INFO  [org.apache.catalina.core.ContainerBase.[Tomcat].[localhost].[/]] : Initializing Spring embedded WebApplicationContext
2019-04-18 17:26 [main      ] INFO  [org.springframework.web.context.ContextLoader     ] : Root WebApplicationContext: initialization completed in 1192 ms
2019-04-18 17:26 [main      ] INFO  [org.springframework.scheduling.concurrent.ThreadPoolTaskExecutor] : Initializing ExecutorService 'applicationTaskExecutor'
2019-04-18 17:26 [main      ] INFO  [org.apache.coyote.http11.Http11NioProtocol        ] : Starting ProtocolHandler ["http-nio-8090"]
2019-04-18 17:26 [main      ] INFO  [org.apache.tomcat.util.net.NioSelectorPool        ] : Using a shared selector for servlet write/read
2019-04-18 17:26 [main      ] INFO  [org.springframework.boot.web.embedded.tomcat.TomcatWebServer] : Tomcat started on port(s): 8090 (http) with context path ''
2019-04-18 17:26 [main      ] INFO  [org.vue.VueStart                                  ] : Started VueStart in 2.504 seconds (JVM running for 3.23)
2019-04-18 17:26 [http-nio-8090-exec-2] INFO  [org.apache.catalina.core.ContainerBase.[Tomcat].[localhost].[/]] : Initializing Spring DispatcherServlet 'dispatcherServlet'
2019-04-18 17:26 [http-nio-8090-exec-2] INFO  [org.springframework.web.servlet.DispatcherServlet ] : Initializing Servlet 'dispatcherServlet'
2019-04-18 17:26 [http-nio-8090-exec-2] INFO  [org.springframework.web.servlet.DispatcherServlet ] : Completed initialization in 8 ms
2019-04-18 17:26 [http-nio-8090-exec-1] INFO  [io.lettuce.core.EpollProvider                     ] : Starting without optional epoll library
2019-04-18 17:26 [http-nio-8090-exec-1] INFO  [io.lettuce.core.KqueueProvider                    ] : Starting without optional kqueue library
2019-04-18 17:29 [RMI TCP Connection(2)-127.0.0.1] INFO  [org.springframework.boot.admin.SpringApplicationAdminMXBeanRegistrar$SpringApplicationAdmin] : Application shutdown requested.
2019-04-18 17:29 [RMI TCP Connection(2)-127.0.0.1] INFO  [org.springframework.scheduling.concurrent.ThreadPoolTaskExecutor] : Shutting down ExecutorService 'applicationTaskExecutor'
2019-04-18 17:29 [main      ] INFO  [org.vue.VueStart                                  ] : Starting VueStart on oldkeyset with PID 28760 (C:\Users\oldkeyset\git\repository\.git\springboot-vue-start\target\classes started by oldkeyset in C:\Users\oldkeyset\git\repository\.git\springboot-vue-start)
2019-04-18 17:29 [main      ] INFO  [org.vue.VueStart                                  ] : The following profiles are active: dev
2019-04-18 17:29 [main      ] INFO  [org.springframework.data.repository.config.RepositoryConfigurationDelegate] : Multiple Spring Data modules found, entering strict repository configuration mode!
2019-04-18 17:29 [main      ] INFO  [org.springframework.data.repository.config.RepositoryConfigurationDelegate] : Bootstrapping Spring Data repositories in DEFAULT mode.
2019-04-18 17:29 [main      ] INFO  [org.springframework.data.repository.config.RepositoryConfigurationDelegate] : Finished Spring Data repository scanning in 52ms. Found 0 repository interfaces.
2019-04-18 17:29 [main      ] INFO  [org.springframework.context.support.PostProcessorRegistrationDelegate$BeanPostProcessorChecker] : Bean 'org.springframework.transaction.annotation.ProxyTransactionManagementConfiguration' of type [org.springframework.transaction.annotation.ProxyTransactionManagementConfiguration$$EnhancerBySpringCGLIB$$4cae0ec7] is not eligible for getting processed by all BeanPostProcessors (for example: not eligible for auto-proxying)
2019-04-18 17:29 [main      ] INFO  [org.springframework.boot.web.embedded.tomcat.TomcatWebServer] : Tomcat initialized with port(s): 8090 (http)
2019-04-18 17:29 [main      ] INFO  [org.apache.coyote.http11.Http11NioProtocol        ] : Initializing ProtocolHandler ["http-nio-8090"]
2019-04-18 17:29 [main      ] INFO  [org.apache.catalina.core.StandardService          ] : Starting service [Tomcat]
2019-04-18 17:29 [main      ] INFO  [org.apache.catalina.core.StandardEngine           ] : Starting Servlet Engine: Apache Tomcat/9.0.13
2019-04-18 17:29 [main      ] INFO  [org.apache.catalina.core.AprLifecycleListener     ] : The APR based Apache Tomcat Native library which allows optimal performance in production environments was not found on the java.library.path: [C:\Program Files\Java\jdk1.8.0_144\bin;C:\Windows\Sun\Java\bin;C:\Windows\system32;C:\Windows;C:/Program Files/Java/jdk1.8.0_144/bin/../jre/bin/server;C:/Program Files/Java/jdk1.8.0_144/bin/../jre/bin;C:/Program Files/Java/jdk1.8.0_144/bin/../jre/lib/amd64;"C:\Program Files (x86)\Intel\Intel(R) Management Engine Components\iCLS\;C:\Program Files\Intel\Intel(R) Management Engine Components\iCLS\;C:\Windows\system32;C:\Windows;C:\Windows\System32\Wbem;C:\Windows\System32\WindowsPowerShell\v1.0\;%SYSTEMROO";C:\Program Files\Java\jdk1.8.0_144\bin;C:\Program Files\Java\jre1.8.0_144\bin;C:\Program Files\MySQL\MySQL Server 5.5\bin;C:\Program Files\Intel\WiFi\bin\;C:\Program Files\Common Files\Intel\WirelessCommon\;c:\windows\system32;D:\Program Files\Redis\;D:\apache-maven-3.6.0\bin;C:\Program Files\nodejs\;D:\Program Files\Git\cmd;C:\Users\oldkeyset\AppData\Local\Microsoft\WindowsApps;D:\Microsoft VS Code\bin;C:\Users\oldkeyset\AppData\Roaming\npm;;D:\Program Files\STS\sts-3.9.6.RELEASE;;.]
2019-04-18 17:29 [main      ] INFO  [org.apache.catalina.core.ContainerBase.[Tomcat].[localhost].[/]] : Initializing Spring embedded WebApplicationContext
2019-04-18 17:29 [main      ] INFO  [org.springframework.web.context.ContextLoader     ] : Root WebApplicationContext: initialization completed in 1185 ms
2019-04-18 17:29 [main      ] INFO  [org.springframework.scheduling.concurrent.ThreadPoolTaskExecutor] : Initializing ExecutorService 'applicationTaskExecutor'
2019-04-18 17:29 [main      ] INFO  [org.apache.coyote.http11.Http11NioProtocol        ] : Starting ProtocolHandler ["http-nio-8090"]
2019-04-18 17:29 [main      ] INFO  [org.apache.tomcat.util.net.NioSelectorPool        ] : Using a shared selector for servlet write/read
2019-04-18 17:29 [main      ] INFO  [org.springframework.boot.web.embedded.tomcat.TomcatWebServer] : Tomcat started on port(s): 8090 (http) with context path ''
2019-04-18 17:29 [main      ] INFO  [org.vue.VueStart                                  ] : Started VueStart in 2.473 seconds (JVM running for 3.167)
2019-04-18 17:30 [http-nio-8090-exec-1] INFO  [org.apache.catalina.core.ContainerBase.[Tomcat].[localhost].[/]] : Initializing Spring DispatcherServlet 'dispatcherServlet'
2019-04-18 17:30 [http-nio-8090-exec-1] INFO  [org.springframework.web.servlet.DispatcherServlet ] : Initializing Servlet 'dispatcherServlet'
2019-04-18 17:30 [http-nio-8090-exec-1] INFO  [org.springframework.web.servlet.DispatcherServlet ] : Completed initialization in 7 ms
2019-04-18 17:30 [http-nio-8090-exec-1] INFO  [io.lettuce.core.EpollProvider                     ] : Starting without optional epoll library
2019-04-18 17:30 [http-nio-8090-exec-1] INFO  [io.lettuce.core.KqueueProvider                    ] : Starting without optional kqueue library
2019-04-18 17:41 [RMI TCP Connection(2)-127.0.0.1] INFO  [org.springframework.boot.admin.SpringApplicationAdminMXBeanRegistrar$SpringApplicationAdmin] : Application shutdown requested.
2019-04-18 17:41 [RMI TCP Connection(2)-127.0.0.1] INFO  [org.springframework.scheduling.concurrent.ThreadPoolTaskExecutor] : Shutting down ExecutorService 'applicationTaskExecutor'
2019-04-18 17:41 [main      ] INFO  [org.vue.VueStart                                  ] : Starting VueStart on oldkeyset with PID 25732 (C:\Users\oldkeyset\git\repository\.git\springboot-vue-start\target\classes started by oldkeyset in C:\Users\oldkeyset\git\repository\.git\springboot-vue-start)
2019-04-18 17:41 [main      ] INFO  [org.vue.VueStart                                  ] : The following profiles are active: dev
2019-04-18 17:41 [main      ] INFO  [org.springframework.data.repository.config.RepositoryConfigurationDelegate] : Multiple Spring Data modules found, entering strict repository configuration mode!
2019-04-18 17:41 [main      ] INFO  [org.springframework.data.repository.config.RepositoryConfigurationDelegate] : Bootstrapping Spring Data repositories in DEFAULT mode.
2019-04-18 17:41 [main      ] INFO  [org.springframework.data.repository.config.RepositoryConfigurationDelegate] : Finished Spring Data repository scanning in 51ms. Found 0 repository interfaces.
2019-04-18 17:41 [main      ] INFO  [org.springframework.context.support.PostProcessorRegistrationDelegate$BeanPostProcessorChecker] : Bean 'org.springframework.transaction.annotation.ProxyTransactionManagementConfiguration' of type [org.springframework.transaction.annotation.ProxyTransactionManagementConfiguration$$EnhancerBySpringCGLIB$$e949fd3a] is not eligible for getting processed by all BeanPostProcessors (for example: not eligible for auto-proxying)
2019-04-18 17:41 [main      ] INFO  [org.springframework.boot.web.embedded.tomcat.TomcatWebServer] : Tomcat initialized with port(s): 8090 (http)
2019-04-18 17:41 [main      ] INFO  [org.apache.coyote.http11.Http11NioProtocol        ] : Initializing ProtocolHandler ["http-nio-8090"]
2019-04-18 17:41 [main      ] INFO  [org.apache.catalina.core.StandardService          ] : Starting service [Tomcat]
2019-04-18 17:41 [main      ] INFO  [org.apache.catalina.core.StandardEngine           ] : Starting Servlet Engine: Apache Tomcat/9.0.13
2019-04-18 17:41 [main      ] INFO  [org.apache.catalina.core.AprLifecycleListener     ] : The APR based Apache Tomcat Native library which allows optimal performance in production environments was not found on the java.library.path: [C:\Program Files\Java\jdk1.8.0_144\bin;C:\Windows\Sun\Java\bin;C:\Windows\system32;C:\Windows;C:/Program Files/Java/jdk1.8.0_144/bin/../jre/bin/server;C:/Program Files/Java/jdk1.8.0_144/bin/../jre/bin;C:/Program Files/Java/jdk1.8.0_144/bin/../jre/lib/amd64;"C:\Program Files (x86)\Intel\Intel(R) Management Engine Components\iCLS\;C:\Program Files\Intel\Intel(R) Management Engine Components\iCLS\;C:\Windows\system32;C:\Windows;C:\Windows\System32\Wbem;C:\Windows\System32\WindowsPowerShell\v1.0\;%SYSTEMROO";C:\Program Files\Java\jdk1.8.0_144\bin;C:\Program Files\Java\jre1.8.0_144\bin;C:\Program Files\MySQL\MySQL Server 5.5\bin;C:\Program Files\Intel\WiFi\bin\;C:\Program Files\Common Files\Intel\WirelessCommon\;c:\windows\system32;D:\Program Files\Redis\;D:\apache-maven-3.6.0\bin;C:\Program Files\nodejs\;D:\Program Files\Git\cmd;C:\Users\oldkeyset\AppData\Local\Microsoft\WindowsApps;D:\Microsoft VS Code\bin;C:\Users\oldkeyset\AppData\Roaming\npm;;D:\Program Files\STS\sts-3.9.6.RELEASE;;.]
2019-04-18 17:41 [main      ] INFO  [org.apache.catalina.core.ContainerBase.[Tomcat].[localhost].[/]] : Initializing Spring embedded WebApplicationContext
2019-04-18 17:41 [main      ] INFO  [org.springframework.web.context.ContextLoader     ] : Root WebApplicationContext: initialization completed in 1184 ms
2019-04-18 17:41 [main      ] INFO  [org.springframework.scheduling.concurrent.ThreadPoolTaskExecutor] : Initializing ExecutorService 'applicationTaskExecutor'
2019-04-18 17:41 [main      ] INFO  [org.apache.coyote.http11.Http11NioProtocol        ] : Starting ProtocolHandler ["http-nio-8090"]
2019-04-18 17:41 [main      ] INFO  [org.apache.tomcat.util.net.NioSelectorPool        ] : Using a shared selector for servlet write/read
2019-04-18 17:41 [main      ] INFO  [org.springframework.boot.web.embedded.tomcat.TomcatWebServer] : Tomcat started on port(s): 8090 (http) with context path ''
2019-04-18 17:41 [main      ] INFO  [org.vue.VueStart                                  ] : Started VueStart in 2.486 seconds (JVM running for 3.189)
2019-04-18 17:41 [http-nio-8090-exec-1] INFO  [org.apache.catalina.core.ContainerBase.[Tomcat].[localhost].[/]] : Initializing Spring DispatcherServlet 'dispatcherServlet'
2019-04-18 17:41 [http-nio-8090-exec-1] INFO  [org.springframework.web.servlet.DispatcherServlet ] : Initializing Servlet 'dispatcherServlet'
2019-04-18 17:41 [http-nio-8090-exec-1] INFO  [org.springframework.web.servlet.DispatcherServlet ] : Completed initialization in 7 ms
2019-04-18 17:41 [http-nio-8090-exec-2] INFO  [io.lettuce.core.EpollProvider                     ] : Starting without optional epoll library
2019-04-18 17:41 [http-nio-8090-exec-2] INFO  [io.lettuce.core.KqueueProvider                    ] : Starting without optional kqueue library
2019-04-18 18:44 [RMI TCP Connection(2)-127.0.0.1] INFO  [org.springframework.boot.admin.SpringApplicationAdminMXBeanRegistrar$SpringApplicationAdmin] : Application shutdown requested.
2019-04-18 18:44 [RMI TCP Connection(2)-127.0.0.1] INFO  [org.springframework.scheduling.concurrent.ThreadPoolTaskExecutor] : Shutting down ExecutorService 'applicationTaskExecutor'
2019-04-18 18:48 [main      ] INFO  [org.vue.VueStart                                  ] : Starting VueStart on oldkeyset with PID 20708 (C:\Users\oldkeyset\git\repository\.git\springboot-vue-start\target\classes started by oldkeyset in C:\Users\oldkeyset\git\repository\.git\springboot-vue-start)
2019-04-18 18:48 [main      ] INFO  [org.vue.VueStart                                  ] : The following profiles are active: dev
2019-04-18 18:48 [main      ] INFO  [org.springframework.data.repository.config.RepositoryConfigurationDelegate] : Multiple Spring Data modules found, entering strict repository configuration mode!
2019-04-18 18:48 [main      ] INFO  [org.springframework.data.repository.config.RepositoryConfigurationDelegate] : Bootstrapping Spring Data repositories in DEFAULT mode.
2019-04-18 18:48 [main      ] INFO  [org.springframework.data.repository.config.RepositoryConfigurationDelegate] : Finished Spring Data repository scanning in 53ms. Found 0 repository interfaces.
2019-04-18 18:48 [main      ] INFO  [org.springframework.context.support.PostProcessorRegistrationDelegate$BeanPostProcessorChecker] : Bean 'org.springframework.transaction.annotation.ProxyTransactionManagementConfiguration' of type [org.springframework.transaction.annotation.ProxyTransactionManagementConfiguration$$EnhancerBySpringCGLIB$$79a6d613] is not eligible for getting processed by all BeanPostProcessors (for example: not eligible for auto-proxying)
2019-04-18 18:48 [main      ] INFO  [org.springframework.boot.web.embedded.tomcat.TomcatWebServer] : Tomcat initialized with port(s): 8090 (http)
2019-04-18 18:48 [main      ] INFO  [org.apache.coyote.http11.Http11NioProtocol        ] : Initializing ProtocolHandler ["http-nio-8090"]
2019-04-18 18:48 [main      ] INFO  [org.apache.catalina.core.StandardService          ] : Starting service [Tomcat]
2019-04-18 18:48 [main      ] INFO  [org.apache.catalina.core.StandardEngine           ] : Starting Servlet Engine: Apache Tomcat/9.0.13
2019-04-18 18:48 [main      ] INFO  [org.apache.catalina.core.AprLifecycleListener     ] : The APR based Apache Tomcat Native library which allows optimal performance in production environments was not found on the java.library.path: [C:\Program Files\Java\jdk1.8.0_144\bin;C:\Windows\Sun\Java\bin;C:\Windows\system32;C:\Windows;C:/Program Files/Java/jdk1.8.0_144/bin/../jre/bin/server;C:/Program Files/Java/jdk1.8.0_144/bin/../jre/bin;C:/Program Files/Java/jdk1.8.0_144/bin/../jre/lib/amd64;"C:\Program Files (x86)\Intel\Intel(R) Management Engine Components\iCLS\;C:\Program Files\Intel\Intel(R) Management Engine Components\iCLS\;C:\Windows\system32;C:\Windows;C:\Windows\System32\Wbem;C:\Windows\System32\WindowsPowerShell\v1.0\;%SYSTEMROO";C:\Program Files\Java\jdk1.8.0_144\bin;C:\Program Files\Java\jre1.8.0_144\bin;C:\Program Files\MySQL\MySQL Server 5.5\bin;C:\Program Files\Intel\WiFi\bin\;C:\Program Files\Common Files\Intel\WirelessCommon\;c:\windows\system32;D:\Program Files\Redis\;D:\apache-maven-3.6.0\bin;C:\Program Files\nodejs\;D:\Program Files\Git\cmd;C:\Users\oldkeyset\AppData\Local\Microsoft\WindowsApps;D:\Microsoft VS Code\bin;C:\Users\oldkeyset\AppData\Roaming\npm;;D:\Program Files\STS\sts-3.9.6.RELEASE;;.]
2019-04-18 18:48 [main      ] INFO  [org.apache.catalina.core.ContainerBase.[Tomcat].[localhost].[/]] : Initializing Spring embedded WebApplicationContext
2019-04-18 18:48 [main      ] INFO  [org.springframework.web.context.ContextLoader     ] : Root WebApplicationContext: initialization completed in 1208 ms
2019-04-18 18:48 [main      ] INFO  [org.springframework.scheduling.concurrent.ThreadPoolTaskExecutor] : Initializing ExecutorService 'applicationTaskExecutor'
2019-04-18 18:48 [main      ] INFO  [org.apache.coyote.http11.Http11NioProtocol        ] : Starting ProtocolHandler ["http-nio-8090"]
2019-04-18 18:48 [main      ] INFO  [org.apache.tomcat.util.net.NioSelectorPool        ] : Using a shared selector for servlet write/read
2019-04-18 18:48 [main      ] INFO  [org.springframework.boot.web.embedded.tomcat.TomcatWebServer] : Tomcat started on port(s): 8090 (http) with context path ''
2019-04-18 18:48 [main      ] INFO  [org.vue.VueStart                                  ] : Started VueStart in 2.508 seconds (JVM running for 3.206)
2019-04-18 18:54 [http-nio-8090-exec-1] INFO  [org.apache.catalina.core.ContainerBase.[Tomcat].[localhost].[/]] : Initializing Spring DispatcherServlet 'dispatcherServlet'
2019-04-18 18:54 [http-nio-8090-exec-1] INFO  [org.springframework.web.servlet.DispatcherServlet ] : Initializing Servlet 'dispatcherServlet'
2019-04-18 18:54 [http-nio-8090-exec-1] INFO  [org.springframework.web.servlet.DispatcherServlet ] : Completed initialization in 9 ms
2019-04-18 18:54 [http-nio-8090-exec-1] INFO  [io.lettuce.core.EpollProvider                     ] : Starting without optional epoll library
2019-04-18 18:54 [http-nio-8090-exec-1] INFO  [io.lettuce.core.KqueueProvider                    ] : Starting without optional kqueue library
2019-04-18 18:59 [RMI TCP Connection(2)-127.0.0.1] INFO  [org.springframework.boot.admin.SpringApplicationAdminMXBeanRegistrar$SpringApplicationAdmin] : Application shutdown requested.
2019-04-18 18:59 [RMI TCP Connection(2)-127.0.0.1] INFO  [org.springframework.scheduling.concurrent.ThreadPoolTaskExecutor] : Shutting down ExecutorService 'applicationTaskExecutor'
2019-04-18 19:00 [main      ] INFO  [org.vue.VueStart                                  ] : Starting VueStart on oldkeyset with PID 23836 (C:\Users\oldkeyset\git\repository\.git\springboot-vue-start\target\classes started by oldkeyset in C:\Users\oldkeyset\git\repository\.git\springboot-vue-start)
2019-04-18 19:00 [main      ] INFO  [org.vue.VueStart                                  ] : The following profiles are active: dev
2019-04-18 19:00 [main      ] INFO  [org.springframework.data.repository.config.RepositoryConfigurationDelegate] : Multiple Spring Data modules found, entering strict repository configuration mode!
2019-04-18 19:00 [main      ] INFO  [org.springframework.data.repository.config.RepositoryConfigurationDelegate] : Bootstrapping Spring Data repositories in DEFAULT mode.
2019-04-18 19:00 [main      ] INFO  [org.springframework.data.repository.config.RepositoryConfigurationDelegate] : Finished Spring Data repository scanning in 51ms. Found 0 repository interfaces.
2019-04-18 19:00 [main      ] INFO  [org.springframework.context.support.PostProcessorRegistrationDelegate$BeanPostProcessorChecker] : Bean 'org.springframework.transaction.annotation.ProxyTransactionManagementConfiguration' of type [org.springframework.transaction.annotation.ProxyTransactionManagementConfiguration$$EnhancerBySpringCGLIB$$af4affed] is not eligible for getting processed by all BeanPostProcessors (for example: not eligible for auto-proxying)
2019-04-18 19:00 [main      ] INFO  [org.springframework.boot.web.embedded.tomcat.TomcatWebServer] : Tomcat initialized with port(s): 8090 (http)
2019-04-18 19:00 [main      ] INFO  [org.apache.coyote.http11.Http11NioProtocol        ] : Initializing ProtocolHandler ["http-nio-8090"]
2019-04-18 19:00 [main      ] INFO  [org.apache.catalina.core.StandardService          ] : Starting service [Tomcat]
2019-04-18 19:00 [main      ] INFO  [org.apache.catalina.core.StandardEngine           ] : Starting Servlet Engine: Apache Tomcat/9.0.13
2019-04-18 19:00 [main      ] INFO  [org.apache.catalina.core.AprLifecycleListener     ] : The APR based Apache Tomcat Native library which allows optimal performance in production environments was not found on the java.library.path: [C:\Program Files\Java\jdk1.8.0_144\bin;C:\Windows\Sun\Java\bin;C:\Windows\system32;C:\Windows;C:/Program Files/Java/jdk1.8.0_144/bin/../jre/bin/server;C:/Program Files/Java/jdk1.8.0_144/bin/../jre/bin;C:/Program Files/Java/jdk1.8.0_144/bin/../jre/lib/amd64;"C:\Program Files (x86)\Intel\Intel(R) Management Engine Components\iCLS\;C:\Program Files\Intel\Intel(R) Management Engine Components\iCLS\;C:\Windows\system32;C:\Windows;C:\Windows\System32\Wbem;C:\Windows\System32\WindowsPowerShell\v1.0\;%SYSTEMROO";C:\Program Files\Java\jdk1.8.0_144\bin;C:\Program Files\Java\jre1.8.0_144\bin;C:\Program Files\MySQL\MySQL Server 5.5\bin;C:\Program Files\Intel\WiFi\bin\;C:\Program Files\Common Files\Intel\WirelessCommon\;c:\windows\system32;D:\Program Files\Redis\;D:\apache-maven-3.6.0\bin;C:\Program Files\nodejs\;D:\Program Files\Git\cmd;C:\Users\oldkeyset\AppData\Local\Microsoft\WindowsApps;D:\Microsoft VS Code\bin;C:\Users\oldkeyset\AppData\Roaming\npm;;D:\Program Files\STS\sts-3.9.6.RELEASE;;.]
2019-04-18 19:00 [main      ] INFO  [org.apache.catalina.core.ContainerBase.[Tomcat].[localhost].[/]] : Initializing Spring embedded WebApplicationContext
2019-04-18 19:00 [main      ] INFO  [org.springframework.web.context.ContextLoader     ] : Root WebApplicationContext: initialization completed in 1210 ms
2019-04-18 19:00 [main      ] INFO  [org.springframework.scheduling.concurrent.ThreadPoolTaskExecutor] : Initializing ExecutorService 'applicationTaskExecutor'
2019-04-18 19:00 [main      ] INFO  [org.apache.coyote.http11.Http11NioProtocol        ] : Starting ProtocolHandler ["http-nio-8090"]
2019-04-18 19:00 [main      ] INFO  [org.apache.tomcat.util.net.NioSelectorPool        ] : Using a shared selector for servlet write/read
2019-04-18 19:00 [main      ] INFO  [org.springframework.boot.web.embedded.tomcat.TomcatWebServer] : Tomcat started on port(s): 8090 (http) with context path ''
2019-04-18 19:00 [main      ] INFO  [org.vue.VueStart                                  ] : Started VueStart in 2.544 seconds (JVM running for 3.273)
2019-04-18 19:05 [http-nio-8090-exec-1] INFO  [org.apache.catalina.core.ContainerBase.[Tomcat].[localhost].[/]] : Initializing Spring DispatcherServlet 'dispatcherServlet'
2019-04-18 19:05 [http-nio-8090-exec-1] INFO  [org.springframework.web.servlet.DispatcherServlet ] : Initializing Servlet 'dispatcherServlet'
2019-04-18 19:05 [http-nio-8090-exec-1] INFO  [org.springframework.web.servlet.DispatcherServlet ] : Completed initialization in 11 ms
2019-04-18 19:05 [http-nio-8090-exec-2] INFO  [io.lettuce.core.EpollProvider                     ] : Starting without optional epoll library
2019-04-18 19:05 [http-nio-8090-exec-2] INFO  [io.lettuce.core.KqueueProvider                    ] : Starting without optional kqueue library
2019-04-18 19:21 [RMI TCP Connection(2)-127.0.0.1] INFO  [org.springframework.boot.admin.SpringApplicationAdminMXBeanRegistrar$SpringApplicationAdmin] : Application shutdown requested.
2019-04-18 19:21 [RMI TCP Connection(2)-127.0.0.1] INFO  [org.springframework.scheduling.concurrent.ThreadPoolTaskExecutor] : Shutting down ExecutorService 'applicationTaskExecutor'
2019-04-18 19:23 [main      ] INFO  [org.vue.VueStart                                  ] : Starting VueStart on oldkeyset with PID 17108 (C:\Users\oldkeyset\git\repository\.git\springboot-vue-start\target\classes started by oldkeyset in C:\Users\oldkeyset\git\repository\.git\springboot-vue-start)
2019-04-18 19:23 [main      ] INFO  [org.vue.VueStart                                  ] : The following profiles are active: dev
2019-04-18 19:23 [main      ] INFO  [org.springframework.data.repository.config.RepositoryConfigurationDelegate] : Multiple Spring Data modules found, entering strict repository configuration mode!
2019-04-18 19:23 [main      ] INFO  [org.springframework.data.repository.config.RepositoryConfigurationDelegate] : Bootstrapping Spring Data repositories in DEFAULT mode.
2019-04-18 19:23 [main      ] INFO  [org.springframework.data.repository.config.RepositoryConfigurationDelegate] : Finished Spring Data repository scanning in 51ms. Found 0 repository interfaces.
2019-04-18 19:23 [main      ] INFO  [org.springframework.context.support.PostProcessorRegistrationDelegate$BeanPostProcessorChecker] : Bean 'org.springframework.transaction.annotation.ProxyTransactionManagementConfiguration' of type [org.springframework.transaction.annotation.ProxyTransactionManagementConfiguration$$EnhancerBySpringCGLIB$$a9b65755] is not eligible for getting processed by all BeanPostProcessors (for example: not eligible for auto-proxying)
2019-04-18 19:23 [main      ] INFO  [org.springframework.boot.web.embedded.tomcat.TomcatWebServer] : Tomcat initialized with port(s): 8090 (http)
2019-04-18 19:23 [main      ] INFO  [org.apache.coyote.http11.Http11NioProtocol        ] : Initializing ProtocolHandler ["http-nio-8090"]
2019-04-18 19:23 [main      ] INFO  [org.apache.catalina.core.StandardService          ] : Starting service [Tomcat]
2019-04-18 19:23 [main      ] INFO  [org.apache.catalina.core.StandardEngine           ] : Starting Servlet Engine: Apache Tomcat/9.0.13
2019-04-18 19:23 [main      ] INFO  [org.apache.catalina.core.AprLifecycleListener     ] : The APR based Apache Tomcat Native library which allows optimal performance in production environments was not found on the java.library.path: [C:\Program Files\Java\jdk1.8.0_144\bin;C:\Windows\Sun\Java\bin;C:\Windows\system32;C:\Windows;C:/Program Files/Java/jdk1.8.0_144/bin/../jre/bin/server;C:/Program Files/Java/jdk1.8.0_144/bin/../jre/bin;C:/Program Files/Java/jdk1.8.0_144/bin/../jre/lib/amd64;"C:\Program Files (x86)\Intel\Intel(R) Management Engine Components\iCLS\;C:\Program Files\Intel\Intel(R) Management Engine Components\iCLS\;C:\Windows\system32;C:\Windows;C:\Windows\System32\Wbem;C:\Windows\System32\WindowsPowerShell\v1.0\;%SYSTEMROO";C:\Program Files\Java\jdk1.8.0_144\bin;C:\Program Files\Java\jre1.8.0_144\bin;C:\Program Files\MySQL\MySQL Server 5.5\bin;C:\Program Files\Intel\WiFi\bin\;C:\Program Files\Common Files\Intel\WirelessCommon\;c:\windows\system32;D:\Program Files\Redis\;D:\apache-maven-3.6.0\bin;C:\Program Files\nodejs\;D:\Program Files\Git\cmd;C:\Users\oldkeyset\AppData\Local\Microsoft\WindowsApps;D:\Microsoft VS Code\bin;C:\Users\oldkeyset\AppData\Roaming\npm;;D:\Program Files\STS\sts-3.9.6.RELEASE;;.]
2019-04-18 19:23 [main      ] INFO  [org.apache.catalina.core.ContainerBase.[Tomcat].[localhost].[/]] : Initializing Spring embedded WebApplicationContext
2019-04-18 19:23 [main      ] INFO  [org.springframework.web.context.ContextLoader     ] : Root WebApplicationContext: initialization completed in 1156 ms
2019-04-18 19:23 [main      ] INFO  [org.springframework.scheduling.concurrent.ThreadPoolTaskExecutor] : Initializing ExecutorService 'applicationTaskExecutor'
2019-04-18 19:23 [main      ] INFO  [org.apache.coyote.http11.Http11NioProtocol        ] : Starting ProtocolHandler ["http-nio-8090"]
2019-04-18 19:23 [main      ] INFO  [org.apache.tomcat.util.net.NioSelectorPool        ] : Using a shared selector for servlet write/read
2019-04-18 19:23 [main      ] INFO  [org.springframework.boot.web.embedded.tomcat.TomcatWebServer] : Tomcat started on port(s): 8090 (http) with context path ''
2019-04-18 19:23 [main      ] INFO  [org.vue.VueStart                                  ] : Started VueStart in 2.427 seconds (JVM running for 3.12)
2019-04-18 19:23 [http-nio-8090-exec-1] INFO  [org.apache.catalina.core.ContainerBase.[Tomcat].[localhost].[/]] : Initializing Spring DispatcherServlet 'dispatcherServlet'
2019-04-18 19:23 [http-nio-8090-exec-1] INFO  [org.springframework.web.servlet.DispatcherServlet ] : Initializing Servlet 'dispatcherServlet'
2019-04-18 19:23 [http-nio-8090-exec-1] INFO  [org.springframework.web.servlet.DispatcherServlet ] : Completed initialization in 6 ms
2019-04-18 19:23 [http-nio-8090-exec-1] INFO  [io.lettuce.core.EpollProvider                     ] : Starting without optional epoll library
2019-04-18 19:23 [http-nio-8090-exec-1] INFO  [io.lettuce.core.KqueueProvider                    ] : Starting without optional kqueue library
2019-04-18 19:32 [RMI TCP Connection(2)-127.0.0.1] INFO  [org.springframework.boot.admin.SpringApplicationAdminMXBeanRegistrar$SpringApplicationAdmin] : Application shutdown requested.
2019-04-18 19:32 [RMI TCP Connection(2)-127.0.0.1] INFO  [org.springframework.scheduling.concurrent.ThreadPoolTaskExecutor] : Shutting down ExecutorService 'applicationTaskExecutor'
